Processing token: 1000PEPE
1000PEPE Open short at 30 2024-06-01 07:30
1000PEPE Close short at 47  | 2024-06-01 11:30 Gain %: -0.31% Cap: 992.91 

1000PEPE Open long at 48 2024-06-01 12:00
1000PEPE Close long at 71 | 2024-06-01 17:30 Gain %: 0.31%. Cap: 992.04 

1000PEPE Open short at 72 2024-06-01 18:00
1000PEPE Close short at 82  | 2024-06-01 20:15 Gain %: -0.09% Cap: 987.18 

1000PEPE Open long at 83 2024-06-01 20:45
1000PEPE Close long at 93 | 2024-06-01 23:00 Gain %: 0.22%. Cap: 985.44 

1000PEPE Open short at 94 2024-06-01 23:30
1000PEPE Close short at 129  | 2024-06-02 08:00 Gain %: 5.66% Cap: 1037.26 

1000PEPE Open long at 130 2024-06-02 08:30
1000PEPE Close long at 134 | 2024-06-02 09:15 Gain %: -3.10%. Cap: 1000.99 

1000PEPE Open short at 135 2024-06-02 09:45
1000PEPE Close short at 150  | 2024-06-02 13:15 Gain %: -0.27% Cap: 994.29 

1000PEPE Open long at 151 2024-06-02 13:45
1000PEPE Close long at 160 | 2024-06-02 15:45 Gain %: -2.20%. Cap: 968.47 

1000PEPE Open short at 161 2024-06-02 16:15
1000PEPE Close short at 171  | 2024-06-02 18:30 Gain %: -3.42% Cap: 931.51 

1000PEPE Open long at 172 2024-06-02 19:00
1000PEPE Close long at 188 | 2024-06-02 22:45 Gain %: 0.01%. Cap: 927.92 

1000PEPE Open short at 189 2024-06-02 23:15
1000PEPE Close short at 214  | 2024-06-03 05:15 Gain %: 5.71% Cap: 977.24 

1000PEPE Open short at 235 2024-06-03 10:45
1000PEPE Close short at 242  | 2024-06-03 12:15 Gain %: -0.88% Cap: 964.75 

1000PEPE Open long at 243 2024-06-03 12:45
1000PEPE Close long at 266 | 2024-06-03 18:15 Gain %: -0.03%. Cap: 960.61 

1000PEPE Open short at 267 2024-06-03 18:45
1000PEPE Close short at 269  | 2024-06-03 19:00 Gain %: -2.25% Cap: 935.12 

1000PEPE Open long at 270 2024-06-03 19:30
1000PEPE Close long at 277 | 2024-06-03 21:00 Gain %: -2.52%. Cap: 907.80 

1000PEPE Open short at 278 2024-06-03 21:30
1000PEPE Close short at 283  | 2024-06-03 22:30 Gain %: -1.28% Cap: 892.59 

1000PEPE Open long at 284 2024-06-03 23:00
1000PEPE Close long at 286 | 2024-06-03 23:15 Gain %: -2.13%. Cap: 869.98 

1000PEPE Open short at 287 2024-06-03 23:45
1000PEPE Close short at 331  | 2024-06-04 10:30 Gain %: 4.61% Cap: 906.57 

1000PEPE Open long at 332 2024-06-04 11:00
1000PEPE Close long at 333 | 2024-06-04 11:00 Gain %: -1.82%. Cap: 886.42 

1000PEPE Open short at 334 2024-06-04 11:30
1000PEPE Close short at 358  | 2024-06-04 17:15 Gain %: 2.16% Cap: 902.05 

1000PEPE Open long at 359 2024-06-04 17:45
1000PEPE Close long at 392 | 2024-06-05 01:45 Gain %: 2.79%. Cap: 923.57 

1000PEPE Open short at 451 2024-06-05 16:45
1000PEPE Close short at 483  | 2024-06-06 00:30 Gain %: -0.11% Cap: 918.87 

1000PEPE Open long at 484 2024-06-06 01:00
1000PEPE Close long at 497 | 2024-06-06 04:00 Gain %: 1.84%. Cap: 932.13 

1000PEPE Open short at 513 2024-06-06 08:15
1000PEPE Close short at 516  | 2024-06-06 08:45 Gain %: -1.22% Cap: 916.99 

1000PEPE Open long at 517 2024-06-06 09:15
1000PEPE Close long at 528 | 2024-06-06 11:45 Gain %: 3.11%. Cap: 941.82 

1000PEPE Open short at 529 2024-06-06 12:15
1000PEPE Close short at 547  | 2024-06-06 16:30 Gain %: 0.89% Cap: 946.42 

1000PEPE Open long at 548 2024-06-06 17:00
1000PEPE Close long at 561 | 2024-06-06 20:00 Gain %: -0.95%. Cap: 933.67 

1000PEPE Open short at 562 2024-06-06 20:30
1000PEPE Close short at 590  | 2024-06-07 03:15 Gain %: 2.45% Cap: 952.77 

1000PEPE Open short at 604 2024-06-07 07:00
1000PEPE Close short at 619  | 2024-06-07 10:30 Gain %: 1.13% Cap: 959.72 

1000PEPE Open long at 620 2024-06-07 11:00
1000PEPE Close long at 640 | 2024-06-07 15:45 Gain %: 0.80%. Cap: 963.54 

1000PEPE Open short at 641 2024-06-07 16:15
1000PEPE Close short at 651  | 2024-06-07 18:30 Gain %: -0.84% Cap: 951.62 

1000PEPE Open long at 652 2024-06-07 19:00
1000PEPE Close long at 654 | 2024-06-07 19:15 Gain %: -0.98%. Cap: 938.45 

1000PEPE Open short at 655 2024-06-07 19:45
1000PEPE Close short at 703  | 2024-06-08 07:30 Gain %: 14.49% Cap: 1070.66 

1000PEPE Open long at 704 2024-06-08 08:00
1000PEPE Close long at 719 | 2024-06-08 11:30 Gain %: 1.04%. Cap: 1077.47 

1000PEPE Open short at 720 2024-06-08 12:00
1000PEPE Close short at 729  | 2024-06-08 14:00 Gain %: -1.63% Cap: 1055.60 

1000PEPE Open long at 730 2024-06-08 14:30
1000PEPE Close long at 734 | 2024-06-08 15:15 Gain %: -1.20%. Cap: 1038.70 

1000PEPE Open short at 735 2024-06-08 15:45
1000PEPE Close short at 796  | 2024-06-09 06:45 Gain %: 13.47% Cap: 1174.50 

1000PEPE Open long at 797 2024-06-09 07:15
1000PEPE Close long at 805 | 2024-06-09 09:00 Gain %: -0.18%. Cap: 1167.64 

1000PEPE Open short at 806 2024-06-09 09:30
1000PEPE Close short at 811  | 2024-06-09 10:30 Gain %: -1.04% Cap: 1150.81 

1000PEPE Open long at 812 2024-06-09 11:00
1000PEPE Close long at 838 | 2024-06-09 17:15 Gain %: 1.52%. Cap: 1163.70 

1000PEPE Open short at 839 2024-06-09 17:45
1000PEPE Close short at 842  | 2024-06-09 18:15 Gain %: -1.23% Cap: 1144.68 

1000PEPE Open long at 843 2024-06-09 18:45
1000PEPE Close long at 892 | 2024-06-10 06:45 Gain %: 5.93%. Cap: 1207.94 

1000PEPE Open short at 893 2024-06-10 07:15
1000PEPE Close short at 898  | 2024-06-10 08:15 Gain %: -1.28% Cap: 1187.60 

1000PEPE Open long at 899 2024-06-10 08:45
1000PEPE Close long at 908 | 2024-06-10 10:45 Gain %: -2.71%. Cap: 1150.70 

1000PEPE Open short at 909 2024-06-10 11:15
1000PEPE Close short at 930  | 2024-06-10 16:15 Gain %: 3.27% Cap: 1183.78 

1000PEPE Open long at 931 2024-06-10 16:45
1000PEPE Close long at 941 | 2024-06-10 19:00 Gain %: -0.27%. Cap: 1175.89 

1000PEPE Open short at 942 2024-06-10 19:30
1000PEPE Close short at 950  | 2024-06-10 21:15 Gain %: 2.21% Cap: 1197.12 

1000PEPE Open long at 951 2024-06-10 21:45
1000PEPE Close long at 968 | 2024-06-11 01:45 Gain %: 4.08%. Cap: 1241.19 

1000PEPE Open long at 994 2024-06-11 08:30
1000PEPE Close long at 995 | 2024-06-11 08:30 Gain %: -1.37%. Cap: 1219.26 

1000PEPE Open short at 996 2024-06-11 09:00
1000PEPE Close short at 1012  | 2024-06-11 12:45 Gain %: -1.59% Cap: 1194.95 

1000PEPE Open long at 1013 2024-06-11 13:15
1000PEPE Close long at 1037 | 2024-06-11 19:00 Gain %: 10.05%. Cap: 1310.21 

1000PEPE Open short at 1038 2024-06-11 19:30
1000PEPE Close short at 1052  | 2024-06-11 22:45 Gain %: 2.50% Cap: 1337.79 

1000PEPE Open long at 1053 2024-06-11 23:15
1000PEPE Close long at 1081 | 2024-06-12 06:00 Gain %: 9.85%. Cap: 1464.23 

1000PEPE Open long at 1100 2024-06-12 11:00
1000PEPE Close long at 1129 | 2024-06-12 18:00 Gain %: 5.18%. Cap: 1534.24 

1000PEPE Open short at 1130 2024-06-12 18:30
1000PEPE Close short at 1134  | 2024-06-12 19:15 Gain %: 0.16% Cap: 1530.50 

1000PEPE Open long at 1135 2024-06-12 19:45
1000PEPE Close long at 1159 | 2024-06-13 01:30 Gain %: -2.74%. Cap: 1482.44 

1000PEPE Open short at 1189 2024-06-13 09:15
1000PEPE Close short at 1212  | 2024-06-13 14:45 Gain %: 5.77% Cap: 1562.06 

1000PEPE Open long at 1213 2024-06-13 15:15
1000PEPE Close long at 1218 | 2024-06-13 16:15 Gain %: -1.26%. Cap: 1536.08 

1000PEPE Open short at 1219 2024-06-13 16:45
1000PEPE Close short at 1250  | 2024-06-14 00:15 Gain %: 7.27% Cap: 1641.67 

1000PEPE Open long at 1251 2024-06-14 00:45
1000PEPE Close long at 1256 | 2024-06-14 01:45 Gain %: -0.82%. Cap: 1621.71 

1000PEPE Open long at 1288 2024-06-14 10:00
1000PEPE Close long at 1320 | 2024-06-14 17:45 Gain %: 1.77%. Cap: 1643.85 

1000PEPE Open short at 1321 2024-06-14 18:15
1000PEPE Close short at 1361  | 2024-06-15 04:00 Gain %: 18.08% Cap: 1934.42 

1000PEPE Open short at 1403 2024-06-15 14:45
1000PEPE Close short at 1407  | 2024-06-15 15:30 Gain %: -1.29% Cap: 1901.80 

1000PEPE Open long at 1408 2024-06-15 16:00
1000PEPE Close long at 1410 | 2024-06-15 16:15 Gain %: -0.99%. Cap: 1875.38 

1000PEPE Open short at 1411 2024-06-15 16:45
1000PEPE Close short at 1423  | 2024-06-15 19:30 Gain %: -2.70% Cap: 1817.24 

1000PEPE Open long at 1424 2024-06-15 20:00
1000PEPE Close long at 1429 | 2024-06-15 21:00 Gain %: -1.81%. Cap: 1777.11 

1000PEPE Open short at 1430 2024-06-15 21:30
1000PEPE Close short at 1491  | 2024-06-16 12:30 Gain %: 5.46% Cap: 1867.09 

1000PEPE Open long at 1492 2024-06-16 13:00
1000PEPE Close long at 1518 | 2024-06-16 19:15 Gain %: 3.68%. Cap: 1928.28 

1000PEPE Open short at 1519 2024-06-16 19:45
1000PEPE Close short at 1523  | 2024-06-16 20:30 Gain %: -1.75% Cap: 1886.87 

1000PEPE Open long at 1524 2024-06-16 21:00
1000PEPE Close long at 1552 | 2024-06-17 03:45 Gain %: 3.53%. Cap: 1945.92 

1000PEPE Open short at 1570 2024-06-17 08:30
1000PEPE Close short at 1608  | 2024-06-17 17:45 Gain %: 9.89% Cap: 2130.59 

1000PEPE Open long at 1609 2024-06-17 18:15
1000PEPE Close long at 1613 | 2024-06-17 19:00 Gain %: -1.58%. Cap: 2088.48 

1000PEPE Open short at 1614 2024-06-17 19:30
1000PEPE Close short at 1635  | 2024-06-18 00:30 Gain %: -0.32% Cap: 2073.54 

1000PEPE Open long at 1636 2024-06-18 01:00
1000PEPE Close long at 1644 | 2024-06-18 02:45 Gain %: -0.42%. Cap: 2056.45 

1000PEPE Open long at 1681 2024-06-18 12:15
1000PEPE Close long at 1686 | 2024-06-18 13:15 Gain %: -1.92%. Cap: 2008.81 

1000PEPE Open short at 1687 2024-06-18 13:45
1000PEPE Close short at 1694  | 2024-06-18 15:15 Gain %: -3.13% Cap: 1937.84 

1000PEPE Open long at 1695 2024-06-18 15:45
1000PEPE Close long at 1704 | 2024-06-18 17:45 Gain %: -4.58%. Cap: 1841.43 

1000PEPE Open short at 1705 2024-06-18 18:15
1000PEPE Close short at 1717  | 2024-06-18 21:00 Gain %: 3.97% Cap: 1907.21 

1000PEPE Open long at 1718 2024-06-18 21:30
1000PEPE Close long at 1730 | 2024-06-19 00:15 Gain %: -5.00%. Cap: 1804.22 

1000PEPE Open short at 1758 2024-06-19 07:30
1000PEPE Close short at 1760  | 2024-06-19 07:45 Gain %: -4.03% Cap: 1724.25 

1000PEPE Open long at 1761 2024-06-19 08:15
1000PEPE Close long at 1790 | 2024-06-19 15:15 Gain %: 3.70%. Cap: 1781.15 

1000PEPE Open short at 1791 2024-06-19 15:45
1000PEPE Close short at 1799  | 2024-06-19 17:30 Gain %: -1.00% Cap: 1756.16 

1000PEPE Open long at 1800 2024-06-19 18:00
1000PEPE Close long at 1804 | 2024-06-19 18:45 Gain %: -4.88%. Cap: 1663.40 

1000PEPE Open short at 1805 2024-06-19 19:15
1000PEPE Close short at 1821  | 2024-06-19 23:00 Gain %: -0.83% Cap: 1642.90 

1000PEPE Open long at 1822 2024-06-19 23:30
1000PEPE Close long at 1845 | 2024-06-20 05:00 Gain %: 2.74%. Cap: 1681.37 

1000PEPE Open long at 1876 2024-06-20 13:00
1000PEPE Close long at 1892 | 2024-06-20 16:45 Gain %: 4.81%. Cap: 1755.53 

1000PEPE Open short at 1893 2024-06-20 17:15
1000PEPE Close short at 1895  | 2024-06-20 17:30 Gain %: -0.23% Cap: 1744.50 

1000PEPE Open long at 1896 2024-06-20 18:00
1000PEPE Close long at 1903 | 2024-06-20 19:30 Gain %: -0.91%. Cap: 1721.72 

1000PEPE Open short at 1904 2024-06-20 20:00
1000PEPE Close short at 1923  | 2024-06-21 00:30 Gain %: 10.36% Cap: 1893.20 

1000PEPE Open long at 1924 2024-06-21 01:00
1000PEPE Close long at 1938 | 2024-06-21 04:15 Gain %: -0.81%. Cap: 1870.22 

1000PEPE Open long at 1971 2024-06-21 12:45
1000PEPE Close long at 1978 | 2024-06-21 14:15 Gain %: -0.46%. Cap: 1854.13 

1000PEPE Open short at 1979 2024-06-21 14:45
1000PEPE Close short at 1985  | 2024-06-21 16:00 Gain %: 2.49% Cap: 1892.79 

1000PEPE Open long at 1986 2024-06-21 16:30
1000PEPE Close long at 2000 | 2024-06-21 19:45 Gain %: 5.55%. Cap: 1990.29 

1000PEPE Open short at 2001 2024-06-21 20:15
1000PEPE Close short at 2005  | 2024-06-21 21:00 Gain %: -1.92% Cap: 1944.10 

1000PEPE Open long at 2006 2024-06-21 21:30
1000PEPE Close long at 2010 | 2024-06-21 22:15 Gain %: -1.63%. Cap: 1904.65 

1000PEPE Open short at 2011 2024-06-21 22:45
1000PEPE Close short at 2023  | 2024-06-22 01:30 Gain %: -4.56% Cap: 1810.24 

1000PEPE Open short at 2046 2024-06-22 07:30
1000PEPE Close short at 2049  | 2024-06-22 08:00 Gain %: -1.22% Cap: 1780.96 

1000PEPE Open long at 2050 2024-06-22 08:30
1000PEPE Close long at 2058 | 2024-06-22 10:15 Gain %: -0.50%. Cap: 1764.96 

1000PEPE Open short at 2059 2024-06-22 10:45
1000PEPE Close short at 2101  | 2024-06-22 21:00 Gain %: 0.34% Cap: 1763.95 

1000PEPE Open long at 2102 2024-06-22 21:30
1000PEPE Close long at 2132 | 2024-06-23 04:45 Gain %: 1.34%. Cap: 1780.52 

1000PEPE Open long at 2142 2024-06-23 07:30
1000PEPE Close long at 2177 | 2024-06-23 16:00 Gain %: 2.94%. Cap: 1825.83 

1000PEPE Open short at 2178 2024-06-23 16:30
1000PEPE Close short at 2238  | 2024-06-24 07:15 Gain %: 13.11% Cap: 2057.80 

1000PEPE Open long at 2239 2024-06-24 07:45
1000PEPE Close long at 2247 | 2024-06-24 09:30 Gain %: -2.98%. Cap: 1988.32 

1000PEPE Open short at 2248 2024-06-24 10:00
1000PEPE Close short at 2276  | 2024-06-24 16:45 Gain %: 4.98% Cap: 2079.29 

1000PEPE Open long at 2277 2024-06-24 17:15
1000PEPE Close long at 2356 | 2024-06-25 12:45 Gain %: 20.04%. Cap: 2487.63 

1000PEPE Open short at 2357 2024-06-25 13:15
1000PEPE Close short at 2370  | 2024-06-25 16:15 Gain %: 0.43% Cap: 2488.32 

1000PEPE Open long at 2371 2024-06-25 16:45
1000PEPE Close long at 2422 | 2024-06-26 05:15 Gain %: 18.62%. Cap: 2941.67 

1000PEPE Open long at 2434 2024-06-26 08:30
1000PEPE Close long at 2441 | 2024-06-26 10:00 Gain %: 2.92%. Cap: 3015.69 

1000PEPE Open short at 2442 2024-06-26 10:30
1000PEPE Close short at 2456  | 2024-06-26 13:45 Gain %: 7.56% Cap: 3231.63 

1000PEPE Open long at 2457 2024-06-26 14:15
1000PEPE Close long at 2464 | 2024-06-26 15:45 Gain %: -0.34%. Cap: 3207.70 

1000PEPE Open short at 2465 2024-06-26 16:15
1000PEPE Close short at 2507  | 2024-06-27 02:30 Gain %: 1.44% Cap: 3241.16 

1000PEPE Open short at 2544 2024-06-27 12:00
1000PEPE Close short at 2562  | 2024-06-27 16:15 Gain %: 2.11% Cap: 3296.71 

1000PEPE Open long at 2563 2024-06-27 16:45
1000PEPE Close long at 2569 | 2024-06-27 18:00 Gain %: -1.97%. Cap: 3218.67 

1000PEPE Open short at 2570 2024-06-27 18:30
1000PEPE Close short at 2573  | 2024-06-27 19:00 Gain %: -1.71% Cap: 3150.90 

1000PEPE Open long at 2574 2024-06-27 19:30
1000PEPE Close long at 2583 | 2024-06-27 21:30 Gain %: 1.42%. Cap: 3182.97 

1000PEPE Open short at 2584 2024-06-27 22:00
1000PEPE Close short at 2610  | 2024-06-28 04:15 Gain %: 0.29% Cap: 3179.54 

1000PEPE Open short at 2624 2024-06-28 08:00
1000PEPE Close short at 2639  | 2024-06-28 11:30 Gain %: 0.55% Cap: 3184.16 

1000PEPE Open long at 2640 2024-06-28 12:00
1000PEPE Close long at 2645 | 2024-06-28 13:00 Gain %: -2.33%. Cap: 3097.19 

1000PEPE Open short at 2646 2024-06-28 13:30
1000PEPE Close short at 2659  | 2024-06-28 16:30 Gain %: -0.64% Cap: 3064.93 

1000PEPE Open long at 2660 2024-06-28 17:00
1000PEPE Close long at 2671 | 2024-06-28 19:30 Gain %: 1.35%. Cap: 3094.16 

1000PEPE Open short at 2672 2024-06-28 20:00
1000PEPE Close short at 2716  | 2024-06-29 06:45 Gain %: 10.99% Cap: 3421.74 

1000PEPE Open long at 2717 2024-06-29 07:15
1000PEPE Close long at 2737 | 2024-06-29 12:00 Gain %: 0.30%. Cap: 3418.26 

1000PEPE Open short at 2738 2024-06-29 12:30
1000PEPE Close short at 2745  | 2024-06-29 14:00 Gain %: -0.85% Cap: 3375.56 

1000PEPE Open long at 2746 2024-06-29 14:30
1000PEPE Close long at 2768 | 2024-06-29 19:45 Gain %: -0.84%. Cap: 3333.79 

1000PEPE Open short at 2769 2024-06-29 20:15
1000PEPE Close short at 2813  | 2024-06-30 07:00 Gain %: 6.11% Cap: 3524.05 

1000PEPE Open long at 2814 2024-06-30 07:30
1000PEPE Close long at 2816 | 2024-06-30 07:45 Gain %: -0.49%. Cap: 3492.82 

1000PEPE Open short at 2817 2024-06-30 08:15
1000PEPE Close short at 2836  | 2024-06-30 12:45 Gain %: 5.72% Cap: 3678.64 

1000PEPE Open long at 2837 2024-06-30 13:15
1000PEPE Close long at 2854 | 2024-06-30 17:15 Gain %: 4.71%. Cap: 3837.11 

1000PEPE Open short at 2855 2024-06-30 17:45
1000PEPE Close short at 2867  | 2024-06-30 20:30 Gain %: -2.45% Cap: 3727.68 

1000PEPE Open long at 2868 2024-06-30 21:00
1000PEPE Close long at 2896 | 2024-07-01 03:45 Gain %: 3.64%. Cap: 3848.49 

1000PEPE Open short at 2923 2024-07-01 10:45
1000PEPE Close short at 2972  | 2024-07-01 22:45 Gain %: 8.77% Cap: 4170.62 

1000PEPE Open long at 2973 2024-07-01 23:15
1000PEPE Close long at 2995 | 2024-07-02 04:30 Gain %: -0.51%. Cap: 4132.61 

1000PEPE Open long at 3019 2024-07-02 10:45
1000PEPE Close long at 3030 | 2024-07-02 13:15 Gain %: -0.27%. Cap: 4104.77 

1000PEPE Open short at 3031 2024-07-02 13:45
1000PEPE Close short at 3046  | 2024-07-02 17:15 Gain %: 0.48% Cap: 4108.15 

1000PEPE Open long at 3047 2024-07-02 17:45
1000PEPE Close long at 3058 | 2024-07-02 20:15 Gain %: 0.04%. Cap: 4093.43 

1000PEPE Open short at 3059 2024-07-02 20:45
1000PEPE Close short at 3076  | 2024-07-03 00:45 Gain %: 5.00% Cap: 4281.80 

1000PEPE Open short at 3104 2024-07-03 08:00
1000PEPE Close short at 3186  | 2024-07-04 04:15 Gain %: 18.29% Cap: 5047.62 

1000PEPE Open short at 3201 2024-07-04 08:15
1000PEPE Close short at 3234  | 2024-07-04 16:15 Gain %: 2.96% Cap: 5176.62 

1000PEPE Open long at 3235 2024-07-04 16:45
1000PEPE Close long at 3241 | 2024-07-04 18:00 Gain %: 0.26%. Cap: 5169.20 

1000PEPE Open short at 3242 2024-07-04 18:30
1000PEPE Close short at 3258  | 2024-07-04 22:15 Gain %: 5.00% Cap: 5407.08 

1000PEPE Open long at 3259 2024-07-04 22:45
1000PEPE Close long at 3268 | 2024-07-05 00:45 Gain %: 1.88%. Cap: 5486.84 

1000PEPE Open long at 3310 2024-07-05 11:30
1000PEPE Close long at 3319 | 2024-07-05 13:30 Gain %: -3.08%. Cap: 5296.10 

1000PEPE Open short at 3320 2024-07-05 14:00
1000PEPE Close short at 3332  | 2024-07-05 16:45 Gain %: -0.62% Cap: 5241.89 

1000PEPE Open long at 3333 2024-07-05 17:15
1000PEPE Close long at 3396 | 2024-07-06 08:45 Gain %: 14.70%. Cap: 5991.54 

1000PEPE Open short at 3397 2024-07-06 09:15
1000PEPE Close short at 3412  | 2024-07-06 12:45 Gain %: -2.73% Cap: 5804.03 

1000PEPE Open long at 3413 2024-07-06 13:15
1000PEPE Close long at 3425 | 2024-07-06 16:00 Gain %: 2.99%. Cap: 5954.23 

1000PEPE Open short at 3426 2024-07-06 16:30
1000PEPE Close short at 3446  | 2024-07-06 21:15 Gain %: -1.93% Cap: 5815.68 

1000PEPE Open long at 3447 2024-07-06 21:45
1000PEPE Close long at 3482 | 2024-07-07 06:15 Gain %: 12.46%. Cap: 6517.25 

1000PEPE Open short at 3483 2024-07-07 06:45
1000PEPE Close short at 3495  | 2024-07-07 09:30 Gain %: 1.51% Cap: 6589.37 

1000PEPE Open long at 3496 2024-07-07 10:00
1000PEPE Close long at 3503 | 2024-07-07 11:30 Gain %: -5.00%. Cap: 6233.55 

1000PEPE Open long at 3511 2024-07-07 13:45
1000PEPE Close long at 3512 | 2024-07-07 13:45 Gain %: -1.39%. Cap: 6122.08 

1000PEPE Open short at 3513 2024-07-07 14:15
1000PEPE Close short at 3521  | 2024-07-07 16:00 Gain %: 1.43% Cap: 6185.37 

1000PEPE Open long at 3522 2024-07-07 16:30
1000PEPE Close long at 3534 | 2024-07-07 19:15 Gain %: -2.20%. Cap: 6024.29 

1000PEPE Open short at 3535 2024-07-07 19:45
1000PEPE Close short at 3550  | 2024-07-07 23:15 Gain %: 4.33% Cap: 6260.98 

1000PEPE Open long at 3551 2024-07-07 23:45
1000PEPE Close long at 3565 | 2024-07-08 03:00 Gain %: -1.94%. Cap: 6114.74 

1000PEPE Open long at 3590 2024-07-08 09:30
1000PEPE Close long at 3608 | 2024-07-08 13:45 Gain %: 3.67%. Cap: 6314.89 

1000PEPE Open short at 3609 2024-07-08 14:15
1000PEPE Close short at 3612  | 2024-07-08 14:45 Gain %: -3.93% Cap: 6041.72 

1000PEPE Open long at 3613 2024-07-08 15:15
1000PEPE Close long at 3623 | 2024-07-08 17:30 Gain %: 9.10%. Cap: 6567.52 

1000PEPE Open short at 3624 2024-07-08 18:00
1000PEPE Close short at 3631 | 2024-07-08 19:30 Gain %: -5.00%. Cap: 6212.87 

1000PEPE Open long at 3634 2024-07-08 20:30
1000PEPE Close long at 3637 | 2024-07-08 21:00 Gain %: 2.12%. Cap: 6319.93 

1000PEPE Open short at 3638 2024-07-08 21:30
1000PEPE Close short at 3641 | 2024-07-08 22:00 Gain %: -5.00%. Cap: 5978.66 

1000PEPE Open long at 3649 2024-07-09 00:15
1000PEPE Close long at 3671 | 2024-07-09 05:30 Gain %: 3.68%. Cap: 6174.82 

1000PEPE Open long at 3681 2024-07-09 08:15
1000PEPE Close long at 3682 | 2024-07-09 08:15 Gain %: -0.76%. Cap: 6103.21 

1000PEPE Open short at 3683 2024-07-09 08:45
1000PEPE Close short at 3687  | 2024-07-09 09:30 Gain %: -3.14% Cap: 5887.04 

1000PEPE Open long at 3688 2024-07-09 10:00
1000PEPE Close long at 3706 | 2024-07-09 14:15 Gain %: -0.64%. Cap: 5825.74 

1000PEPE Open short at 3707 2024-07-09 14:45
1000PEPE Close short at 3710  | 2024-07-09 15:15 Gain %: -0.92% Cap: 5748.89 

1000PEPE Open long at 3711 2024-07-09 15:45
1000PEPE Close long at 3719 | 2024-07-09 17:30 Gain %: -3.77%. Cap: 5509.04 

1000PEPE Open short at 3720 2024-07-09 18:00
1000PEPE Close short at 3732  | 2024-07-09 20:45 Gain %: 0.51% Cap: 5514.90 

1000PEPE Open long at 3733 2024-07-09 21:15
1000PEPE Close long at 3736 | 2024-07-09 21:45 Gain %: -5.00%. Cap: 5217.10 

1000PEPE Open short at 3747 2024-07-10 00:45
1000PEPE Close short at 3757  | 2024-07-10 03:00 Gain %: -2.53% Cap: 5064.22 

1000PEPE Open long at 3788 2024-07-10 11:00
1000PEPE Close long at 3802 | 2024-07-10 14:15 Gain %: 4.21%. Cap: 5256.91 

1000PEPE Open short at 3803 2024-07-10 14:45
1000PEPE Close short at 3828  | 2024-07-10 20:45 Gain %: 0.76% Cap: 5276.06 

1000PEPE Open long at 3829 2024-07-10 21:15
1000PEPE Close long at 3841 | 2024-07-11 00:00 Gain %: 0.01%. Cap: 5255.30 

1000PEPE Open short at 3842 2024-07-11 00:30
1000PEPE Close short at 3863  | 2024-07-11 05:30 Gain %: 1.88% Cap: 5333.09 

1000PEPE Open short at 3871 2024-07-11 07:45
1000PEPE Close short at 3875  | 2024-07-11 08:30 Gain %: -2.03% Cap: 5203.71 

1000PEPE Open long at 3876 2024-07-11 09:00
1000PEPE Close long at 3881 | 2024-07-11 10:00 Gain %: -3.52%. Cap: 4999.82 

1000PEPE Open short at 3882 2024-07-11 10:30
1000PEPE Close short at 3888  | 2024-07-11 11:45 Gain %: -2.12% Cap: 4873.88 

1000PEPE Open long at 3889 2024-07-11 12:15
1000PEPE Close long at 3925 | 2024-07-11 21:00 Gain %: 8.39%. Cap: 5263.40 

1000PEPE Open short at 3926 2024-07-11 21:30
1000PEPE Close short at 3966  | 2024-07-12 07:15 Gain %: 9.95% Cap: 5765.89 

1000PEPE Open long at 3967 2024-07-12 07:45
1000PEPE Close long at 3969 | 2024-07-12 08:00 Gain %: -2.66%. Cap: 5589.67 

1000PEPE Open short at 3970 2024-07-12 08:30
1000PEPE Close short at 3992  | 2024-07-12 13:45 Gain %: 1.62% Cap: 5657.76 

1000PEPE Open long at 3993 2024-07-12 14:15
1000PEPE Close long at 4002 | 2024-07-12 16:15 Gain %: -2.27%. Cap: 5506.56 

1000PEPE Open short at 4003 2024-07-12 16:45
1000PEPE Close short at 4015  | 2024-07-12 19:30 Gain %: 3.89% Cap: 5698.53 

1000PEPE Open long at 4016 2024-07-12 20:00
1000PEPE Close long at 4045 | 2024-07-13 03:00 Gain %: 5.47%. Cap: 5987.70 

1000PEPE Open long at 4061 2024-07-13 07:15
1000PEPE Close long at 4068 | 2024-07-13 08:45 Gain %: 1.63%. Cap: 6061.62 

1000PEPE Open short at 4069 2024-07-13 09:15
1000PEPE Close short at 4081  | 2024-07-13 12:00 Gain %: -3.02% Cap: 5854.39 

1000PEPE Open long at 4082 2024-07-13 12:30
1000PEPE Close long at 4095 | 2024-07-13 15:30 Gain %: -0.71%. Cap: 5789.67 

1000PEPE Open short at 4096 2024-07-13 16:00
1000PEPE Close short at 4110  | 2024-07-13 19:15 Gain %: 0.80% Cap: 5812.91 

1000PEPE Open long at 4111 2024-07-13 19:45
1000PEPE Close long at 4115 | 2024-07-13 20:30 Gain %: -2.03%. Cap: 5671.83 

1000PEPE Open short at 4116 2024-07-13 21:00
1000PEPE Close short at 4125  | 2024-07-13 23:00 Gain %: -0.65% Cap: 5611.99 

1000PEPE Open long at 4126 2024-07-13 23:30
1000PEPE Close long at 4128 | 2024-07-13 23:45 Gain %: -1.16%. Cap: 5524.18 

1000PEPE Open short at 4129 2024-07-14 00:15
1000PEPE Close short at 4137  | 2024-07-14 02:00 Gain %: -1.93% Cap: 5395.35 

1000PEPE Open short at 4199 2024-07-14 17:45
1000PEPE Close short at 4222  | 2024-07-14 23:15 Gain %: 6.83% Cap: 5742.19 

1000PEPE Open long at 4223 2024-07-14 23:45
1000PEPE Close long at 4228 | 2024-07-15 00:45 Gain %: -0.46%. Cap: 5692.72 

1000PEPE Open short at 4253 2024-07-15 07:15
1000PEPE Close short at 4254  | 2024-07-15 07:15 Gain %: -3.46% Cap: 5472.81 

1000PEPE Open long at 4255 2024-07-15 07:45
1000PEPE Close long at 4271 | 2024-07-15 11:30 Gain %: 1.36%. Cap: 5525.18 

1000PEPE Open short at 4272 2024-07-15 12:00
1000PEPE Close short at 4277  | 2024-07-15 13:00 Gain %: -2.07% Cap: 5388.65 

1000PEPE Open long at 4278 2024-07-15 13:30
1000PEPE Close long at 4287 | 2024-07-15 15:30 Gain %: 0.60%. Cap: 5399.41 

1000PEPE Open short at 4288 2024-07-15 16:00
1000PEPE Close short at 4304  | 2024-07-15 19:45 Gain %: 0.81% Cap: 5421.75 

1000PEPE Open long at 4305 2024-07-15 20:15
1000PEPE Close long at 4369 | 2024-07-16 12:00 Gain %: 56.73%. Cap: 8475.99 

1000PEPE Open short at 4370 2024-07-16 12:30
1000PEPE Close short at 4385  | 2024-07-16 16:00 Gain %: 5.73% Cap: 8927.67 

1000PEPE Open long at 4386 2024-07-16 16:30
1000PEPE Close long at 4403 | 2024-07-16 20:30 Gain %: 4.56%. Cap: 9298.97 

1000PEPE Open short at 4404 2024-07-16 21:00
1000PEPE Close short at 4410 | 2024-07-16 22:15 Gain %: -5.00%. Cap: 8796.83 

1000PEPE Open long at 4412 2024-07-16 23:00
Win:  102
Loss:  101
Win Rate:  50.24630541871922
Date        Capital Start    Capital End    Gain/Loss
----------  ---------------  -------------  -----------
2024-06-01  $1000.00         $985.44        $-14.56
2024-06-02  $985.44          $927.92        $-57.51
2024-06-03  $927.92          $869.98        $-57.94
2024-06-04  $869.98          $902.05        $32.07
2024-06-05  $902.05          $923.57        $21.52
2024-06-06  $923.57          $933.67        $10.10
2024-06-07  $933.67          $938.45        $4.77
2024-06-08  $938.45          $1038.70       $100.25
2024-06-09  $1038.70         $1144.68       $105.98
2024-06-10  $1144.68         $1197.12       $52.45
2024-06-11  $1197.12         $1337.79       $140.66
2024-06-12  $1337.79         $1530.50       $192.71
2024-06-13  $1530.50         $1536.08       $5.58
2024-06-14  $1536.08         $1643.85       $107.77
2024-06-15  $1643.85         $1777.11       $133.26
2024-06-16  $1777.11         $1886.87       $109.76
2024-06-17  $1886.87         $2088.48       $201.61
2024-06-18  $2088.48         $1907.21       $-181.27
2024-06-19  $1907.21         $1642.90       $-264.32
2024-06-20  $1642.90         $1721.72       $78.82
2024-06-21  $1721.72         $1904.65       $182.93
2024-06-22  $1904.65         $1763.95       $-140.70
2024-06-23  $1763.95         $1825.83       $61.88
2024-06-24  $1825.83         $2079.29       $253.46
2024-06-25  $2079.29         $2488.32       $409.03
2024-06-26  $2488.32         $3207.70       $719.38
2024-06-27  $3207.70         $3182.97       $-24.73
2024-06-28  $3182.97         $3094.16       $-88.81
2024-06-29  $3094.16         $3333.79       $239.64
2024-06-30  $3333.79         $3727.68       $393.89
2024-07-01  $3727.68         $4170.62       $442.94
2024-07-02  $4170.62         $4093.43       $-77.19
2024-07-03  $4093.43         $4281.80       $188.37
2024-07-04  $4281.80         $5407.08       $1125.28
2024-07-05  $5407.08         $5241.89       $-165.19
2024-07-06  $5241.89         $5815.68       $573.79
2024-07-07  $5815.68         $6260.98       $445.29
2024-07-08  $6260.98         $5978.66       $-282.32
2024-07-09  $5978.66         $5217.10       $-761.56
2024-07-10  $5217.10         $5276.06       $58.96
2024-07-11  $5276.06         $5263.40       $-12.66
2024-07-12  $5263.40         $5698.53       $435.13
2024-07-13  $5698.53         $5611.99       $-86.53
2024-07-14  $5611.99         $5742.19       $130.20
2024-07-15  $5742.19         $5421.75       $-320.44
2024-07-16  $5421.75         $8796.83       $3375.08
2024-07-17  $8796.83         $8796.83       $0.00

Time Frame: 15m
Backtesting Results from 2024-01-04 to 2024-07-14.
No position open between (01:00 - 06:30 AM) 
Leverage: x2
Stop Loss: -5.0
Fee Rate: 0.40%
Token     Initial Capital    Final Capital    Percentage Gain    Win Rate    Max Win %    Max Loss %      Lowest Capital    Max Loss Streak
--------  -----------------  ---------------  -----------------  ----------  -----------  ------------  ----------------  -----------------
1000PEPE  $1,000.00          8,796.83         779.68%            50.25%      56.73%       -5.00%                  869.98                  6
