Processing token: 1000PEPE
Win:  353
Loss:  529
Win Rate:  40.022675736961446
Processing token: MEME
Win:  412
Loss:  582
Win Rate:  41.4486921529175
Processing token: BTC
Win:  444
Loss:  590
Win Rate:  42.94003868471953
Processing token: PEOPLE
Win:  400
Loss:  571
Win Rate:  41.1946446961895
Processing token: ETH
Win:  431
Loss:  548
Win Rate:  44.024514811031665
Processing token: NEAR
Win:  390
Loss:  531
Win Rate:  42.34527687296417
Processing token: LINK
Win:  403
Loss:  576
Win Rate:  41.16445352400409
Processing token: SOL
Win:  406
Loss:  520
Win Rate:  43.84449244060475
Processing token: BNB
Win:  398
Loss:  564
Win Rate:  41.37214137214137
Processing token: ADA
Win:  416
Loss:  551
Win Rate:  43.01964839710445
Processing token: XRP
Win:  408
Loss:  566
Win Rate:  41.889117043121146
Processing token: DOGE
Win:  410
Loss:  529
Win Rate:  43.66347177848775
Processing token: SHIB
Win:  366
Loss:  510
Win Rate:  41.78082191780822
Processing token: UNI
Win:  442
Loss:  579
Win Rate:  43.29089128305583
Processing token: BONK
Win:  377
Loss:  584
Win Rate:  39.22996878251821
Processing token: FLOKI
Win:  374
Loss:  528
Win Rate:  41.46341463414634
Processing token: JTO
Win:  457
Loss:  551
Win Rate:  45.33730158730159
Processing token: ORDI
Win:  408
Loss:  543
Win Rate:  42.90220820189275
Processing token: WIF
Win:  373
Loss:  538
Win Rate:  40.944017563117455

Time Frame: 5m
Backtesting Results from 2024-01-04 to 2024-07-14.
No position open between (01:00 - 06:30 AM) 
Leverage: x2
Stop Loss: -4.0
Fee Rate: 0.40%
Token     Initial Capital    Final Capital    Percentage Gain    Win Rate    Max Win %    Max Loss %      Lowest Capital    Max Loss Streak
--------  -----------------  ---------------  -----------------  ----------  -----------  ------------  ----------------  -----------------
PEOPLE    $1,000.00          15,936.64        1,493.66%          41.19%      42.48%       -4.00%                  786.46                 11
JTO       $1,000.00          7,378.69         637.87%            45.34%      21.30%       -4.00%                  773.88                  8
ORDI      $1,000.00          4,538.05         353.80%            42.90%      38.16%       -4.00%                  873.66                  9
FLOKI     $1,000.00          4,084.13         308.41%            41.46%      31.06%       -4.00%                  826.01                  9
1000PEPE  $1,000.00          3,423.52         242.35%            40.02%      56.19%       -4.00%                  702.7                   9
WIF       $1,000.00          3,321.63         232.16%            40.94%      45.02%       -4.00%                  910.35                 10
BONK      $1,000.00          2,553.67         155.37%            39.23%      52.04%       -4.00%                  576.37                 11
UNI       $1,000.00          1,155.04         15.50%             43.29%      34.38%       -4.00%                  832.11                  9
MEME      $1,000.00          1,096.02         9.60%              41.45%      23.84%       -4.00%                  758.35                 11
DOGE      $1,000.00          922.04           -7.80%             43.66%      16.47%       -4.00%                  829.33                  7
SHIB      $1,000.00          884.86           -11.51%            41.78%      20.88%       -4.00%                  420.69                 11
NEAR      $1,000.00          862.10           -13.79%            42.35%      24.61%       -4.00%                  694.13                 11
ADA       $1,000.00          494.52           -50.55%            43.02%      14.79%       -3.29%                  450.84                  9
SOL       $1,000.00          487.82           -51.22%            43.84%      13.63%       -4.00%                  458.32                 12
ETH       $1,000.00          339.80           -66.02%            44.02%      35.30%       -2.25%                  306.02                 11
LINK      $1,000.00          287.68           -71.23%            41.16%      14.33%       -4.00%                  275.85                 12
XRP       $1,000.00          242.98           -75.70%            41.89%      13.83%       -4.00%                  197.59                 10
BNB       $1,000.00          172.16           -82.78%            41.37%      10.76%       -2.54%                  170.1                  18
BTC       $1,000.00          131.44           -86.86%            42.94%      9.42%        -2.88%                  116.36                 11
